<?xml version="1.0" encoding="UTF-8"?>
<robot generator="Robot 6.1.1 (Python 3.11.5 on linux)" generated="20231114 15:25:07.559" rpa="false" schemaversion="4">
<suite id="s1" name="Tests" source="/home/mizhonka/palautusrepositorio/viikko3/web-login/src/tests">
<suite id="s1-s1" name="Home" source="/home/mizhonka/palautusrepositorio/viikko3/web-login/src/tests/home.robot">
<kw name="Open And Configure Browser" library="resource" type="SETUP">
<kw name="Evaluate" library="BuiltIn">
<var>${options}</var>
<arg>sys.modules['selenium.webdriver'].ChromeOptions()</arg>
<arg>sys</arg>
<doc>Evaluates the given expression in Python and returns the result.</doc>
<msg timestamp="20231114 15:25:07.657" level="INFO">${options} = &lt;selenium.webdriver.chrome.options.Options object at 0x7f4742403110&gt;</msg>
<status status="PASS" starttime="20231114 15:25:07.657" endtime="20231114 15:25:07.657"/>
</kw>
<kw name="Call Method" library="BuiltIn">
<arg>${options}</arg>
<arg>add_argument</arg>
<arg>--no-sandbox</arg>
<doc>Calls the named method of the given object with the provided arguments.</doc>
<status status="PASS" starttime="20231114 15:25:07.657" endtime="20231114 15:25:07.657"/>
</kw>
<kw name="Open Browser" library="SeleniumLibrary">
<arg>browser=chrome</arg>
<arg>options=${options}</arg>
<doc>Opens a new browser instance to the optional ``url``.</doc>
<msg timestamp="20231114 15:25:07.657" level="INFO">Opening browser 'chrome' to base url 'None'.</msg>
<status status="PASS" starttime="20231114 15:25:07.657" endtime="20231114 15:25:08.554"/>
</kw>
<kw name="Set Selenium Speed" library="SeleniumLibrary">
<arg>${DELAY}</arg>
<doc>Sets the delay that is waited after each Selenium command.</doc>
<status status="PASS" starttime="20231114 15:25:08.554" endtime="20231114 15:25:08.555"/>
</kw>
<status status="PASS" starttime="20231114 15:25:07.656" endtime="20231114 15:25:08.555"/>
</kw>
<test id="s1-s1-t1" name="Click Login Link" line="8">
<kw name="Go To Main Page" library="resource" type="SETUP">
<kw name="Go To" library="SeleniumLibrary">
<arg>${HOME_URL}</arg>
<doc>Navigates the current browser window to the provided ``url``.</doc>
<msg timestamp="20231114 15:25:08.556" level="INFO">Opening url 'http://localhost:5001'</msg>
<status status="PASS" starttime="20231114 15:25:08.556" endtime="20231114 15:25:09.110"/>
</kw>
<status status="PASS" starttime="20231114 15:25:08.556" endtime="20231114 15:25:09.110"/>
</kw>
<kw name="Click Link" library="SeleniumLibrary">
<arg>Login</arg>
<doc>Clicks a link identified by ``locator``.</doc>
<msg timestamp="20231114 15:25:09.111" level="INFO">Clicking link 'Login'.</msg>
<status status="PASS" starttime="20231114 15:25:09.110" endtime="20231114 15:25:10.672"/>
</kw>
<kw name="Login Page Should Be Open" library="resource">
<kw name="Title Should Be" library="SeleniumLibrary">
<arg>Login</arg>
<doc>Verifies that the current page title equals ``title``.</doc>
<msg timestamp="20231114 15:25:11.179" level="INFO">Page title is 'Login'.</msg>
<status status="PASS" starttime="20231114 15:25:10.673" endtime="20231114 15:25:11.179"/>
</kw>
<status status="PASS" starttime="20231114 15:25:10.673" endtime="20231114 15:25:11.179"/>
</kw>
<status status="PASS" starttime="20231114 15:25:08.555" endtime="20231114 15:25:11.180"/>
</test>
<test id="s1-s1-t2" name="Click Register Link" line="12">
<kw name="Go To Main Page" library="resource" type="SETUP">
<kw name="Go To" library="SeleniumLibrary">
<arg>${HOME_URL}</arg>
<doc>Navigates the current browser window to the provided ``url``.</doc>
<msg timestamp="20231114 15:25:11.182" level="INFO">Opening url 'http://localhost:5001'</msg>
<status status="PASS" starttime="20231114 15:25:11.181" endtime="20231114 15:25:11.701"/>
</kw>
<status status="PASS" starttime="20231114 15:25:11.181" endtime="20231114 15:25:11.701"/>
</kw>
<kw name="Click Link" library="SeleniumLibrary">
<arg>Register new user</arg>
<doc>Clicks a link identified by ``locator``.</doc>
<msg timestamp="20231114 15:25:11.702" level="INFO">Clicking link 'Register new user'.</msg>
<status status="PASS" starttime="20231114 15:25:11.701" endtime="20231114 15:25:13.264"/>
</kw>
<kw name="Register Page Should Be Open" library="resource">
<kw name="Title Should Be" library="SeleniumLibrary">
<arg>Register</arg>
<doc>Verifies that the current page title equals ``title``.</doc>
<msg timestamp="20231114 15:25:13.772" level="INFO">Page title is 'Register'.</msg>
<status status="PASS" starttime="20231114 15:25:13.265" endtime="20231114 15:25:13.772"/>
</kw>
<status status="PASS" starttime="20231114 15:25:13.264" endtime="20231114 15:25:13.772"/>
</kw>
<status status="PASS" starttime="20231114 15:25:11.180" endtime="20231114 15:25:13.773"/>
</test>
<kw name="Close Browser" library="SeleniumLibrary" type="TEARDOWN">
<doc>Closes the current browser.</doc>
<status status="PASS" starttime="20231114 15:25:13.774" endtime="20231114 15:25:14.333"/>
</kw>
<status status="PASS" starttime="20231114 15:25:07.569" endtime="20231114 15:25:14.333"/>
</suite>
<suite id="s1-s2" name="Login" source="/home/mizhonka/palautusrepositorio/viikko3/web-login/src/tests/login.robot">
<kw name="Open And Configure Browser" library="resource" type="SETUP">
<kw name="Evaluate" library="BuiltIn">
<var>${options}</var>
<arg>sys.modules['selenium.webdriver'].ChromeOptions()</arg>
<arg>sys</arg>
<doc>Evaluates the given expression in Python and returns the result.</doc>
<msg timestamp="20231114 15:25:14.340" level="INFO">${options} = &lt;selenium.webdriver.chrome.options.Options object at 0x7f474240ba50&gt;</msg>
<status status="PASS" starttime="20231114 15:25:14.340" endtime="20231114 15:25:14.340"/>
</kw>
<kw name="Call Method" library="BuiltIn">
<arg>${options}</arg>
<arg>add_argument</arg>
<arg>--no-sandbox</arg>
<doc>Calls the named method of the given object with the provided arguments.</doc>
<status status="PASS" starttime="20231114 15:25:14.340" endtime="20231114 15:25:14.341"/>
</kw>
<kw name="Open Browser" library="SeleniumLibrary">
<arg>browser=chrome</arg>
<arg>options=${options}</arg>
<doc>Opens a new browser instance to the optional ``url``.</doc>
<msg timestamp="20231114 15:25:14.341" level="INFO">Opening browser 'chrome' to base url 'None'.</msg>
<status status="PASS" starttime="20231114 15:25:14.341" endtime="20231114 15:25:15.238"/>
</kw>
<kw name="Set Selenium Speed" library="SeleniumLibrary">
<arg>${DELAY}</arg>
<doc>Sets the delay that is waited after each Selenium command.</doc>
<status status="PASS" starttime="20231114 15:25:15.238" endtime="20231114 15:25:15.239"/>
</kw>
<status status="PASS" starttime="20231114 15:25:14.339" endtime="20231114 15:25:15.239"/>
</kw>
<test id="s1-s2-t1" name="Login With Correct Credentials" line="8">
<kw name="Create User And Go To Login Page" type="SETUP">
<kw name="Create User" library="AppLibrary">
<arg>kalle</arg>
<arg>kalle123</arg>
<status status="PASS" starttime="20231114 15:25:15.240" endtime="20231114 15:25:15.248"/>
</kw>
<kw name="Go To Login Page" library="resource">
<kw name="Go To" library="SeleniumLibrary">
<arg>${LOGIN_URL}</arg>
<doc>Navigates the current browser window to the provided ``url``.</doc>
<msg timestamp="20231114 15:25:15.249" level="INFO">Opening url 'http://localhost:5001/login'</msg>
<status status="PASS" starttime="20231114 15:25:15.249" endtime="20231114 15:25:15.782"/>
</kw>
<status status="PASS" starttime="20231114 15:25:15.248" endtime="20231114 15:25:15.782"/>
</kw>
<kw name="Login Page Should Be Open" library="resource">
<kw name="Title Should Be" library="SeleniumLibrary">
<arg>Login</arg>
<doc>Verifies that the current page title equals ``title``.</doc>
<msg timestamp="20231114 15:25:16.292" level="INFO">Page title is 'Login'.</msg>
<status status="PASS" starttime="20231114 15:25:15.782" endtime="20231114 15:25:16.292"/>
</kw>
<status status="PASS" starttime="20231114 15:25:15.782" endtime="20231114 15:25:16.292"/>
</kw>
<status status="PASS" starttime="20231114 15:25:15.239" endtime="20231114 15:25:16.293"/>
</kw>
<kw name="Set Username">
<arg>kalle</arg>
<kw name="Input Text" library="SeleniumLibrary">
<arg>username</arg>
<arg>${username}</arg>
<doc>Types the given ``text`` into the text field identified by ``locator``.</doc>
<msg timestamp="20231114 15:25:16.294" level="INFO">Typing text 'kalle' into text field 'username'.</msg>
<status status="PASS" starttime="20231114 15:25:16.293" endtime="20231114 15:25:17.872"/>
</kw>
<status status="PASS" starttime="20231114 15:25:16.293" endtime="20231114 15:25:17.872"/>
</kw>
<kw name="Set Password">
<arg>kalle123</arg>
<kw name="Input Password" library="SeleniumLibrary">
<arg>password</arg>
<arg>${password}</arg>
<doc>Types the given password into the text field identified by ``locator``.</doc>
<msg timestamp="20231114 15:25:17.873" level="INFO">Typing password into text field 'password'.</msg>
<msg timestamp="20231114 15:25:18.910" level="INFO">Temporally setting log level to: NONE</msg>
<msg timestamp="20231114 15:25:19.446" level="INFO">Log level changed from NONE to INFO.</msg>
<status status="PASS" starttime="20231114 15:25:17.873" endtime="20231114 15:25:19.446"/>
</kw>
<status status="PASS" starttime="20231114 15:25:17.872" endtime="20231114 15:25:19.447"/>
</kw>
<kw name="Submit Credentials">
<kw name="Click Button" library="SeleniumLibrary">
<arg>Login</arg>
<doc>Clicks the button identified by ``locator``.</doc>
<msg timestamp="20231114 15:25:19.448" level="INFO">Clicking button 'Login'.</msg>
<status status="PASS" starttime="20231114 15:25:19.447" endtime="20231114 15:25:21.535"/>
</kw>
<status status="PASS" starttime="20231114 15:25:19.447" endtime="20231114 15:25:21.535"/>
</kw>
<kw name="Login Should Succeed">
<kw name="Main Page Should Be Open" library="resource">
<kw name="Title Should Be" library="SeleniumLibrary">
<arg>Ohtu Application main page</arg>
<doc>Verifies that the current page title equals ``title``.</doc>
<msg timestamp="20231114 15:25:22.044" level="INFO">Page title is 'Ohtu Application main page'.</msg>
<status status="PASS" starttime="20231114 15:25:21.536" endtime="20231114 15:25:22.045"/>
</kw>
<status status="PASS" starttime="20231114 15:25:21.536" endtime="20231114 15:25:22.045"/>
</kw>
<status status="PASS" starttime="20231114 15:25:21.535" endtime="20231114 15:25:22.045"/>
</kw>
<status status="PASS" starttime="20231114 15:25:15.239" endtime="20231114 15:25:22.045"/>
</test>
<test id="s1-s2-t2" name="Login With Incorrect Password" line="14">
<kw name="Create User And Go To Login Page" type="SETUP">
<kw name="Create User" library="AppLibrary">
<arg>kalle</arg>
<arg>kalle123</arg>
<status status="PASS" starttime="20231114 15:25:22.047" endtime="20231114 15:25:22.062"/>
</kw>
<kw name="Go To Login Page" library="resource">
<kw name="Go To" library="SeleniumLibrary">
<arg>${LOGIN_URL}</arg>
<doc>Navigates the current browser window to the provided ``url``.</doc>
<msg timestamp="20231114 15:25:22.063" level="INFO">Opening url 'http://localhost:5001/login'</msg>
<status status="PASS" starttime="20231114 15:25:22.062" endtime="20231114 15:25:22.586"/>
</kw>
<status status="PASS" starttime="20231114 15:25:22.062" endtime="20231114 15:25:22.586"/>
</kw>
<kw name="Login Page Should Be Open" library="resource">
<kw name="Title Should Be" library="SeleniumLibrary">
<arg>Login</arg>
<doc>Verifies that the current page title equals ``title``.</doc>
<msg timestamp="20231114 15:25:23.096" level="INFO">Page title is 'Login'.</msg>
<status status="PASS" starttime="20231114 15:25:22.587" endtime="20231114 15:25:23.097"/>
</kw>
<status status="PASS" starttime="20231114 15:25:22.587" endtime="20231114 15:25:23.097"/>
</kw>
<status status="PASS" starttime="20231114 15:25:22.047" endtime="20231114 15:25:23.097"/>
</kw>
<kw name="Set Username">
<arg>kalle</arg>
<kw name="Input Text" library="SeleniumLibrary">
<arg>username</arg>
<arg>${username}</arg>
<doc>Types the given ``text`` into the text field identified by ``locator``.</doc>
<msg timestamp="20231114 15:25:23.099" level="INFO">Typing text 'kalle' into text field 'username'.</msg>
<status status="PASS" starttime="20231114 15:25:23.098" endtime="20231114 15:25:24.660"/>
</kw>
<status status="PASS" starttime="20231114 15:25:23.097" endtime="20231114 15:25:24.661"/>
</kw>
<kw name="Set Password">
<arg>kalle456</arg>
<kw name="Input Password" library="SeleniumLibrary">
<arg>password</arg>
<arg>${password}</arg>
<doc>Types the given password into the text field identified by ``locator``.</doc>
<msg timestamp="20231114 15:25:24.662" level="INFO">Typing password into text field 'password'.</msg>
<msg timestamp="20231114 15:25:25.696" level="INFO">Temporally setting log level to: NONE</msg>
<msg timestamp="20231114 15:25:26.220" level="INFO">Log level changed from NONE to INFO.</msg>
<status status="PASS" starttime="20231114 15:25:24.661" endtime="20231114 15:25:26.221"/>
</kw>
<status status="PASS" starttime="20231114 15:25:24.661" endtime="20231114 15:25:26.221"/>
</kw>
<kw name="Submit Credentials">
<kw name="Click Button" library="SeleniumLibrary">
<arg>Login</arg>
<doc>Clicks the button identified by ``locator``.</doc>
<msg timestamp="20231114 15:25:26.222" level="INFO">Clicking button 'Login'.</msg>
<status status="PASS" starttime="20231114 15:25:26.222" endtime="20231114 15:25:28.293"/>
</kw>
<status status="PASS" starttime="20231114 15:25:26.221" endtime="20231114 15:25:28.293"/>
</kw>
<kw name="Login Should Fail With Message">
<arg>Invalid username or password</arg>
<kw name="Login Page Should Be Open" library="resource">
<kw name="Title Should Be" library="SeleniumLibrary">
<arg>Login</arg>
<doc>Verifies that the current page title equals ``title``.</doc>
<msg timestamp="20231114 15:25:28.802" level="INFO">Page title is 'Login'.</msg>
<status status="PASS" starttime="20231114 15:25:28.294" endtime="20231114 15:25:28.802"/>
</kw>
<status status="PASS" starttime="20231114 15:25:28.294" endtime="20231114 15:25:28.802"/>
</kw>
<kw name="Page Should Contain" library="SeleniumLibrary">
<arg>${message}</arg>
<doc>Verifies that current page contains ``text``.</doc>
<msg timestamp="20231114 15:25:29.830" level="INFO">Current page contains text 'Invalid username or password'.</msg>
<status status="PASS" starttime="20231114 15:25:28.803" endtime="20231114 15:25:29.831"/>
</kw>
<status status="PASS" starttime="20231114 15:25:28.293" endtime="20231114 15:25:29.831"/>
</kw>
<status status="PASS" starttime="20231114 15:25:22.046" endtime="20231114 15:25:29.831"/>
</test>
<test id="s1-s2-t3" name="Login With Nonexistent Username" line="20">
<kw name="Create User And Go To Login Page" type="SETUP">
<kw name="Create User" library="AppLibrary">
<arg>kalle</arg>
<arg>kalle123</arg>
<status status="PASS" starttime="20231114 15:25:29.833" endtime="20231114 15:25:29.847"/>
</kw>
<kw name="Go To Login Page" library="resource">
<kw name="Go To" library="SeleniumLibrary">
<arg>${LOGIN_URL}</arg>
<doc>Navigates the current browser window to the provided ``url``.</doc>
<msg timestamp="20231114 15:25:29.847" level="INFO">Opening url 'http://localhost:5001/login'</msg>
<status status="PASS" starttime="20231114 15:25:29.847" endtime="20231114 15:25:30.368"/>
</kw>
<status status="PASS" starttime="20231114 15:25:29.847" endtime="20231114 15:25:30.368"/>
</kw>
<kw name="Login Page Should Be Open" library="resource">
<kw name="Title Should Be" library="SeleniumLibrary">
<arg>Login</arg>
<doc>Verifies that the current page title equals ``title``.</doc>
<msg timestamp="20231114 15:25:30.876" level="INFO">Page title is 'Login'.</msg>
<status status="PASS" starttime="20231114 15:25:30.369" endtime="20231114 15:25:30.876"/>
</kw>
<status status="PASS" starttime="20231114 15:25:30.368" endtime="20231114 15:25:30.876"/>
</kw>
<status status="PASS" starttime="20231114 15:25:29.832" endtime="20231114 15:25:30.877"/>
</kw>
<kw name="Set Username">
<arg>maija</arg>
<kw name="Input Text" library="SeleniumLibrary">
<arg>username</arg>
<arg>${username}</arg>
<doc>Types the given ``text`` into the text field identified by ``locator``.</doc>
<msg timestamp="20231114 15:25:30.878" level="INFO">Typing text 'maija' into text field 'username'.</msg>
<status status="PASS" starttime="20231114 15:25:30.877" endtime="20231114 15:25:32.462"/>
</kw>
<status status="PASS" starttime="20231114 15:25:30.877" endtime="20231114 15:25:32.462"/>
</kw>
<kw name="Set Password">
<arg>kalle123</arg>
<kw name="Input Password" library="SeleniumLibrary">
<arg>password</arg>
<arg>${password}</arg>
<doc>Types the given password into the text field identified by ``locator``.</doc>
<msg timestamp="20231114 15:25:32.464" level="INFO">Typing password into text field 'password'.</msg>
<msg timestamp="20231114 15:25:33.498" level="INFO">Temporally setting log level to: NONE</msg>
<msg timestamp="20231114 15:25:34.037" level="INFO">Log level changed from NONE to INFO.</msg>
<status status="PASS" starttime="20231114 15:25:32.463" endtime="20231114 15:25:34.038"/>
</kw>
<status status="PASS" starttime="20231114 15:25:32.463" endtime="20231114 15:25:34.038"/>
</kw>
<kw name="Submit Credentials">
<kw name="Click Button" library="SeleniumLibrary">
<arg>Login</arg>
<doc>Clicks the button identified by ``locator``.</doc>
<msg timestamp="20231114 15:25:34.039" level="INFO">Clicking button 'Login'.</msg>
<status status="PASS" starttime="20231114 15:25:34.038" endtime="20231114 15:25:36.109"/>
</kw>
<status status="PASS" starttime="20231114 15:25:34.038" endtime="20231114 15:25:36.109"/>
</kw>
<kw name="Login Should Fail With Message">
<arg>Invalid username or password</arg>
<kw name="Login Page Should Be Open" library="resource">
<kw name="Title Should Be" library="SeleniumLibrary">
<arg>Login</arg>
<doc>Verifies that the current page title equals ``title``.</doc>
<msg timestamp="20231114 15:25:36.619" level="INFO">Page title is 'Login'.</msg>
<status status="PASS" starttime="20231114 15:25:36.110" endtime="20231114 15:25:36.619"/>
</kw>
<status status="PASS" starttime="20231114 15:25:36.110" endtime="20231114 15:25:36.619"/>
</kw>
<kw name="Page Should Contain" library="SeleniumLibrary">
<arg>${message}</arg>
<doc>Verifies that current page contains ``text``.</doc>
<msg timestamp="20231114 15:25:37.630" level="INFO">Current page contains text 'Invalid username or password'.</msg>
<status status="PASS" starttime="20231114 15:25:36.619" endtime="20231114 15:25:37.630"/>
</kw>
<status status="PASS" starttime="20231114 15:25:36.109" endtime="20231114 15:25:37.630"/>
</kw>
<status status="PASS" starttime="20231114 15:25:29.832" endtime="20231114 15:25:37.630"/>
</test>
<kw name="Close Browser" library="SeleniumLibrary" type="TEARDOWN">
<doc>Closes the current browser.</doc>
<status status="PASS" starttime="20231114 15:25:37.631" endtime="20231114 15:25:38.189"/>
</kw>
<status status="PASS" starttime="20231114 15:25:14.335" endtime="20231114 15:25:38.189"/>
</suite>
<status status="PASS" starttime="20231114 15:25:07.559" endtime="20231114 15:25:38.191"/>
</suite>
<statistics>
<total>
<stat pass="5" fail="0" skip="0">All Tests</stat>
</total>
<tag>
</tag>
<suite>
<stat pass="5" fail="0" skip="0" id="s1" name="Tests">Tests</stat>
<stat pass="2" fail="0" skip="0" id="s1-s1" name="Home">Tests.Home</stat>
<stat pass="3" fail="0" skip="0" id="s1-s2" name="Login">Tests.Login</stat>
</suite>
</statistics>
<errors>
</errors>
</robot>
