<?xml version="1.0" encoding="UTF-8"?>
<robot generator="Robot 6.1.1 (Python 3.11.5 on linux)" generated="20231114 16:04:24.074" rpa="false" schemaversion="4">
<suite id="s1" name="Register" source="/home/mizhonka/palautusrepositorio/viikko3/web-login/src/tests/register.robot">
<kw name="Open And Configure Browser" library="resource" type="SETUP">
<kw name="Evaluate" library="BuiltIn">
<var>${options}</var>
<arg>sys.modules['selenium.webdriver'].ChromeOptions()</arg>
<arg>sys</arg>
<doc>Evaluates the given expression in Python and returns the result.</doc>
<msg timestamp="20231114 16:04:24.168" level="INFO">${options} = &lt;selenium.webdriver.chrome.options.Options object at 0x7f831bd9a210&gt;</msg>
<status status="PASS" starttime="20231114 16:04:24.167" endtime="20231114 16:04:24.168"/>
</kw>
<kw name="Call Method" library="BuiltIn">
<arg>${options}</arg>
<arg>add_argument</arg>
<arg>--no-sandbox</arg>
<doc>Calls the named method of the given object with the provided arguments.</doc>
<status status="PASS" starttime="20231114 16:04:24.168" endtime="20231114 16:04:24.168"/>
</kw>
<kw name="Open Browser" library="SeleniumLibrary">
<arg>browser=chrome</arg>
<arg>options=${options}</arg>
<doc>Opens a new browser instance to the optional ``url``.</doc>
<msg timestamp="20231114 16:04:24.168" level="INFO">Opening browser 'chrome' to base url 'None'.</msg>
<status status="PASS" starttime="20231114 16:04:24.168" endtime="20231114 16:04:25.054"/>
</kw>
<kw name="Set Selenium Speed" library="SeleniumLibrary">
<arg>${DELAY}</arg>
<doc>Sets the delay that is waited after each Selenium command.</doc>
<status status="PASS" starttime="20231114 16:04:25.054" endtime="20231114 16:04:25.055"/>
</kw>
<status status="PASS" starttime="20231114 16:04:24.167" endtime="20231114 16:04:25.055"/>
</kw>
<test id="s1-t1" name="Register With Valid Username And Password" line="8">
<kw name="Go To Register Page" library="resource" type="SETUP">
<kw name="Go To" library="SeleniumLibrary">
<arg>${REGISTER_URL}</arg>
<doc>Navigates the current browser window to the provided ``url``.</doc>
<msg timestamp="20231114 16:04:25.056" level="INFO">Opening url 'http://localhost:5001/register'</msg>
<status status="PASS" starttime="20231114 16:04:25.056" endtime="20231114 16:04:25.607"/>
</kw>
<status status="PASS" starttime="20231114 16:04:25.056" endtime="20231114 16:04:25.607"/>
</kw>
<kw name="Set Username">
<arg>maija</arg>
<kw name="Input Text" library="SeleniumLibrary">
<arg>username</arg>
<arg>${username}</arg>
<doc>Types the given ``text`` into the text field identified by ``locator``.</doc>
<msg timestamp="20231114 16:04:25.609" level="INFO">Typing text 'maija' into text field 'username'.</msg>
<status status="PASS" starttime="20231114 16:04:25.608" endtime="20231114 16:04:27.226"/>
</kw>
<status status="PASS" starttime="20231114 16:04:25.608" endtime="20231114 16:04:27.226"/>
</kw>
<kw name="Set Password">
<arg>maija123</arg>
<kw name="Input Password" library="SeleniumLibrary">
<arg>password</arg>
<arg>${password}</arg>
<doc>Types the given password into the text field identified by ``locator``.</doc>
<msg timestamp="20231114 16:04:27.227" level="INFO">Typing password into text field 'password'.</msg>
<msg timestamp="20231114 16:04:28.260" level="INFO">Temporally setting log level to: NONE</msg>
<msg timestamp="20231114 16:04:28.800" level="INFO">Log level changed from NONE to INFO.</msg>
<status status="PASS" starttime="20231114 16:04:27.226" endtime="20231114 16:04:28.800"/>
</kw>
<status status="PASS" starttime="20231114 16:04:27.226" endtime="20231114 16:04:28.800"/>
</kw>
<kw name="Set Password Confirmation">
<arg>maija123</arg>
<kw name="Input Text" library="SeleniumLibrary">
<arg>password_confirmation</arg>
<arg>${password_confirmation}</arg>
<doc>Types the given ``text`` into the text field identified by ``locator``.</doc>
<msg timestamp="20231114 16:04:28.802" level="INFO">Typing text 'maija123' into text field 'password_confirmation'.</msg>
<status status="PASS" starttime="20231114 16:04:28.801" endtime="20231114 16:04:30.377"/>
</kw>
<status status="PASS" starttime="20231114 16:04:28.800" endtime="20231114 16:04:30.377"/>
</kw>
<kw name="Submit New Credentials">
<kw name="Click Button" library="SeleniumLibrary">
<arg>Register</arg>
<doc>Clicks the button identified by ``locator``.</doc>
<msg timestamp="20231114 16:04:30.379" level="INFO">Clicking button 'Register'.</msg>
<status status="PASS" starttime="20231114 16:04:30.378" endtime="20231114 16:04:32.470"/>
</kw>
<status status="PASS" starttime="20231114 16:04:30.378" endtime="20231114 16:04:32.470"/>
</kw>
<kw name="Register Should Succeed">
<kw name="Welcome Page Should Be Open" library="resource">
<kw name="Title Should Be" library="SeleniumLibrary">
<arg>Welcome to Ohtu Application!</arg>
<doc>Verifies that the current page title equals ``title``.</doc>
<msg timestamp="20231114 16:04:32.981" level="INFO">Page title is 'Welcome to Ohtu Application!'.</msg>
<status status="PASS" starttime="20231114 16:04:32.471" endtime="20231114 16:04:32.981"/>
</kw>
<status status="PASS" starttime="20231114 16:04:32.470" endtime="20231114 16:04:32.981"/>
</kw>
<status status="PASS" starttime="20231114 16:04:32.470" endtime="20231114 16:04:32.981"/>
</kw>
<status status="PASS" starttime="20231114 16:04:25.055" endtime="20231114 16:04:32.981"/>
</test>
<test id="s1-t2" name="Register With Too Short Username And Valid Password" line="15">
<kw name="Go To Register Page" library="resource" type="SETUP">
<kw name="Go To" library="SeleniumLibrary">
<arg>${REGISTER_URL}</arg>
<doc>Navigates the current browser window to the provided ``url``.</doc>
<msg timestamp="20231114 16:04:32.983" level="INFO">Opening url 'http://localhost:5001/register'</msg>
<status status="PASS" starttime="20231114 16:04:32.983" endtime="20231114 16:04:33.507"/>
</kw>
<status status="PASS" starttime="20231114 16:04:32.982" endtime="20231114 16:04:33.507"/>
</kw>
<kw name="Set Username">
<arg>m</arg>
<kw name="Input Text" library="SeleniumLibrary">
<arg>username</arg>
<arg>${username}</arg>
<doc>Types the given ``text`` into the text field identified by ``locator``.</doc>
<msg timestamp="20231114 16:04:33.509" level="INFO">Typing text 'm' into text field 'username'.</msg>
<status status="PASS" starttime="20231114 16:04:33.508" endtime="20231114 16:04:35.091"/>
</kw>
<status status="PASS" starttime="20231114 16:04:33.507" endtime="20231114 16:04:35.092"/>
</kw>
<kw name="Set Password">
<arg>maija123</arg>
<kw name="Input Password" library="SeleniumLibrary">
<arg>password</arg>
<arg>${password}</arg>
<doc>Types the given password into the text field identified by ``locator``.</doc>
<msg timestamp="20231114 16:04:35.093" level="INFO">Typing password into text field 'password'.</msg>
<msg timestamp="20231114 16:04:36.125" level="INFO">Temporally setting log level to: NONE</msg>
<msg timestamp="20231114 16:04:36.650" level="INFO">Log level changed from NONE to INFO.</msg>
<status status="PASS" starttime="20231114 16:04:35.092" endtime="20231114 16:04:36.650"/>
</kw>
<status status="PASS" starttime="20231114 16:04:35.092" endtime="20231114 16:04:36.650"/>
</kw>
<kw name="Set Password Confirmation">
<arg>maija123</arg>
<kw name="Input Text" library="SeleniumLibrary">
<arg>password_confirmation</arg>
<arg>${password_confirmation}</arg>
<doc>Types the given ``text`` into the text field identified by ``locator``.</doc>
<msg timestamp="20231114 16:04:36.652" level="INFO">Typing text 'maija123' into text field 'password_confirmation'.</msg>
<status status="PASS" starttime="20231114 16:04:36.651" endtime="20231114 16:04:38.223"/>
</kw>
<status status="PASS" starttime="20231114 16:04:36.651" endtime="20231114 16:04:38.223"/>
</kw>
<kw name="Submit New Credentials">
<kw name="Click Button" library="SeleniumLibrary">
<arg>Register</arg>
<doc>Clicks the button identified by ``locator``.</doc>
<msg timestamp="20231114 16:04:38.224" level="INFO">Clicking button 'Register'.</msg>
<status status="PASS" starttime="20231114 16:04:38.223" endtime="20231114 16:04:40.298"/>
</kw>
<status status="PASS" starttime="20231114 16:04:38.223" endtime="20231114 16:04:40.298"/>
</kw>
<kw name="Register Should Fail With Message">
<arg>Username has to consist of letters a-z and at least 3 characters</arg>
<kw name="Register Page Should Be Open" library="resource">
<kw name="Title Should Be" library="SeleniumLibrary">
<arg>Register</arg>
<doc>Verifies that the current page title equals ``title``.</doc>
<msg timestamp="20231114 16:04:40.808" level="INFO">Page title is 'Register'.</msg>
<status status="PASS" starttime="20231114 16:04:40.299" endtime="20231114 16:04:40.808"/>
</kw>
<status status="PASS" starttime="20231114 16:04:40.299" endtime="20231114 16:04:40.808"/>
</kw>
<kw name="Page Should Contain" library="SeleniumLibrary">
<arg>${message}</arg>
<doc>Verifies that current page contains ``text``.</doc>
<msg timestamp="20231114 16:04:41.834" level="INFO">Current page contains text 'Username has to consist of letters a-z and at least 3 characters'.</msg>
<status status="PASS" starttime="20231114 16:04:40.809" endtime="20231114 16:04:41.834"/>
</kw>
<status status="PASS" starttime="20231114 16:04:40.299" endtime="20231114 16:04:41.834"/>
</kw>
<status status="PASS" starttime="20231114 16:04:32.982" endtime="20231114 16:04:41.835"/>
</test>
<test id="s1-t3" name="Register With Valid Username And Invalid Password" line="22">
<kw name="Go To Register Page" library="resource" type="SETUP">
<kw name="Go To" library="SeleniumLibrary">
<arg>${REGISTER_URL}</arg>
<doc>Navigates the current browser window to the provided ``url``.</doc>
<msg timestamp="20231114 16:04:41.837" level="INFO">Opening url 'http://localhost:5001/register'</msg>
<status status="PASS" starttime="20231114 16:04:41.836" endtime="20231114 16:04:42.357"/>
</kw>
<status status="PASS" starttime="20231114 16:04:41.836" endtime="20231114 16:04:42.357"/>
</kw>
<kw name="Set Username">
<arg>maija</arg>
<kw name="Input Text" library="SeleniumLibrary">
<arg>username</arg>
<arg>${username}</arg>
<doc>Types the given ``text`` into the text field identified by ``locator``.</doc>
<msg timestamp="20231114 16:04:42.359" level="INFO">Typing text 'maija' into text field 'username'.</msg>
<status status="PASS" starttime="20231114 16:04:42.358" endtime="20231114 16:04:43.934"/>
</kw>
<status status="PASS" starttime="20231114 16:04:42.357" endtime="20231114 16:04:43.934"/>
</kw>
<kw name="Set Password">
<arg>maijahii</arg>
<kw name="Input Password" library="SeleniumLibrary">
<arg>password</arg>
<arg>${password}</arg>
<doc>Types the given password into the text field identified by ``locator``.</doc>
<msg timestamp="20231114 16:04:43.936" level="INFO">Typing password into text field 'password'.</msg>
<msg timestamp="20231114 16:04:44.964" level="INFO">Temporally setting log level to: NONE</msg>
<msg timestamp="20231114 16:04:45.505" level="INFO">Log level changed from NONE to INFO.</msg>
<status status="PASS" starttime="20231114 16:04:43.935" endtime="20231114 16:04:45.505"/>
</kw>
<status status="PASS" starttime="20231114 16:04:43.935" endtime="20231114 16:04:45.505"/>
</kw>
<kw name="Set Password Confirmation">
<arg>maijahii</arg>
<kw name="Input Text" library="SeleniumLibrary">
<arg>password_confirmation</arg>
<arg>${password_confirmation}</arg>
<doc>Types the given ``text`` into the text field identified by ``locator``.</doc>
<msg timestamp="20231114 16:04:45.506" level="INFO">Typing text 'maijahii' into text field 'password_confirmation'.</msg>
<status status="PASS" starttime="20231114 16:04:45.506" endtime="20231114 16:04:47.084"/>
</kw>
<status status="PASS" starttime="20231114 16:04:45.505" endtime="20231114 16:04:47.085"/>
</kw>
<kw name="Submit New Credentials">
<kw name="Click Button" library="SeleniumLibrary">
<arg>Register</arg>
<doc>Clicks the button identified by ``locator``.</doc>
<msg timestamp="20231114 16:04:47.086" level="INFO">Clicking button 'Register'.</msg>
<status status="PASS" starttime="20231114 16:04:47.085" endtime="20231114 16:04:49.157"/>
</kw>
<status status="PASS" starttime="20231114 16:04:47.085" endtime="20231114 16:04:49.157"/>
</kw>
<kw name="Register Should Fail With Message">
<arg>The password has to contain numbers and at least 8 characters</arg>
<kw name="Register Page Should Be Open" library="resource">
<kw name="Title Should Be" library="SeleniumLibrary">
<arg>Register</arg>
<doc>Verifies that the current page title equals ``title``.</doc>
<msg timestamp="20231114 16:04:49.666" level="INFO">Page title is 'Register'.</msg>
<status status="PASS" starttime="20231114 16:04:49.158" endtime="20231114 16:04:49.666"/>
</kw>
<status status="PASS" starttime="20231114 16:04:49.158" endtime="20231114 16:04:49.666"/>
</kw>
<kw name="Page Should Contain" library="SeleniumLibrary">
<arg>${message}</arg>
<doc>Verifies that current page contains ``text``.</doc>
<msg timestamp="20231114 16:04:50.694" level="INFO">Current page contains text 'The password has to contain numbers and at least 8 characters'.</msg>
<status status="PASS" starttime="20231114 16:04:49.666" endtime="20231114 16:04:50.694"/>
</kw>
<status status="PASS" starttime="20231114 16:04:49.158" endtime="20231114 16:04:50.694"/>
</kw>
<status status="PASS" starttime="20231114 16:04:41.835" endtime="20231114 16:04:50.694"/>
</test>
<test id="s1-t4" name="Register With Nonmatching Password And Password Confirmation" line="29">
<kw name="Go To Register Page" library="resource" type="SETUP">
<kw name="Go To" library="SeleniumLibrary">
<arg>${REGISTER_URL}</arg>
<doc>Navigates the current browser window to the provided ``url``.</doc>
<msg timestamp="20231114 16:04:50.696" level="INFO">Opening url 'http://localhost:5001/register'</msg>
<status status="PASS" starttime="20231114 16:04:50.696" endtime="20231114 16:04:51.222"/>
</kw>
<status status="PASS" starttime="20231114 16:04:50.696" endtime="20231114 16:04:51.222"/>
</kw>
<kw name="Set Username">
<arg>maija</arg>
<kw name="Input Text" library="SeleniumLibrary">
<arg>username</arg>
<arg>${username}</arg>
<doc>Types the given ``text`` into the text field identified by ``locator``.</doc>
<msg timestamp="20231114 16:04:51.223" level="INFO">Typing text 'maija' into text field 'username'.</msg>
<status status="PASS" starttime="20231114 16:04:51.222" endtime="20231114 16:04:52.794"/>
</kw>
<status status="PASS" starttime="20231114 16:04:51.222" endtime="20231114 16:04:52.794"/>
</kw>
<kw name="Set Password">
<arg>maija123</arg>
<kw name="Input Password" library="SeleniumLibrary">
<arg>password</arg>
<arg>${password}</arg>
<doc>Types the given password into the text field identified by ``locator``.</doc>
<msg timestamp="20231114 16:04:52.795" level="INFO">Typing password into text field 'password'.</msg>
<msg timestamp="20231114 16:04:53.829" level="INFO">Temporally setting log level to: NONE</msg>
<msg timestamp="20231114 16:04:54.366" level="INFO">Log level changed from NONE to INFO.</msg>
<status status="PASS" starttime="20231114 16:04:52.794" endtime="20231114 16:04:54.367"/>
</kw>
<status status="PASS" starttime="20231114 16:04:52.794" endtime="20231114 16:04:54.367"/>
</kw>
<kw name="Set Password Confirmation">
<arg>maija456</arg>
<kw name="Input Text" library="SeleniumLibrary">
<arg>password_confirmation</arg>
<arg>${password_confirmation}</arg>
<doc>Types the given ``text`` into the text field identified by ``locator``.</doc>
<msg timestamp="20231114 16:04:54.368" level="INFO">Typing text 'maija456' into text field 'password_confirmation'.</msg>
<status status="PASS" starttime="20231114 16:04:54.368" endtime="20231114 16:04:55.939"/>
</kw>
<status status="PASS" starttime="20231114 16:04:54.367" endtime="20231114 16:04:55.939"/>
</kw>
<kw name="Submit New Credentials">
<kw name="Click Button" library="SeleniumLibrary">
<arg>Register</arg>
<doc>Clicks the button identified by ``locator``.</doc>
<msg timestamp="20231114 16:04:55.941" level="INFO">Clicking button 'Register'.</msg>
<status status="PASS" starttime="20231114 16:04:55.940" endtime="20231114 16:04:58.011"/>
</kw>
<status status="PASS" starttime="20231114 16:04:55.940" endtime="20231114 16:04:58.011"/>
</kw>
<kw name="Register Should Fail With Message">
<arg>The passwords don't match</arg>
<kw name="Register Page Should Be Open" library="resource">
<kw name="Title Should Be" library="SeleniumLibrary">
<arg>Register</arg>
<doc>Verifies that the current page title equals ``title``.</doc>
<msg timestamp="20231114 16:04:58.519" level="INFO">Page title is 'Register'.</msg>
<status status="PASS" starttime="20231114 16:04:58.012" endtime="20231114 16:04:58.519"/>
</kw>
<status status="PASS" starttime="20231114 16:04:58.012" endtime="20231114 16:04:58.519"/>
</kw>
<kw name="Page Should Contain" library="SeleniumLibrary">
<arg>${message}</arg>
<doc>Verifies that current page contains ``text``.</doc>
<msg timestamp="20231114 16:04:59.545" level="INFO">Current page contains text 'The passwords don't match'.</msg>
<status status="PASS" starttime="20231114 16:04:58.520" endtime="20231114 16:04:59.546"/>
</kw>
<status status="PASS" starttime="20231114 16:04:58.012" endtime="20231114 16:04:59.546"/>
</kw>
<status status="PASS" starttime="20231114 16:04:50.695" endtime="20231114 16:04:59.546"/>
</test>
<kw name="Close Browser" library="SeleniumLibrary" type="TEARDOWN">
<doc>Closes the current browser.</doc>
<status status="PASS" starttime="20231114 16:04:59.547" endtime="20231114 16:05:00.106"/>
</kw>
<status status="PASS" starttime="20231114 16:04:24.074" endtime="20231114 16:05:00.106"/>
</suite>
<statistics>
<total>
<stat pass="4" fail="0" skip="0">All Tests</stat>
</total>
<tag>
</tag>
<suite>
<stat pass="4" fail="0" skip="0" id="s1" name="Register">Register</stat>
</suite>
</statistics>
<errors>
</errors>
</robot>
