<?xml version="1.0" encoding="UTF-8"?>
<robot generator="Robot 6.1.1 (Python 3.11.5 on linux)" generated="20231114 13:09:40.673" rpa="false" schemaversion="4">
<suite id="s1" name="Tests" source="/home/mizhonka/palautusrepositorio/viikko3/login-robot/src/tests">
<suite id="s1-s1" name="Login" source="/home/mizhonka/palautusrepositorio/viikko3/login-robot/src/tests/login.robot">
<test id="s1-s1-t1" name="Login With Correct Credentials" line="6">
<kw name="Create User And Input Login Command" type="SETUP">
<kw name="Create User" library="AppLibrary">
<arg>kalle</arg>
<arg>kalle123</arg>
<status status="PASS" starttime="20231114 13:09:40.686" endtime="20231114 13:09:40.686"/>
</kw>
<kw name="Input Login Command" library="resource">
<kw name="Input" library="AppLibrary">
<arg>login</arg>
<status status="PASS" starttime="20231114 13:09:40.686" endtime="20231114 13:09:40.686"/>
</kw>
<status status="PASS" starttime="20231114 13:09:40.686" endtime="20231114 13:09:40.686"/>
</kw>
<status status="PASS" starttime="20231114 13:09:40.686" endtime="20231114 13:09:40.686"/>
</kw>
<kw name="Input Credentials" library="resource">
<arg>kalle</arg>
<arg>kalle123</arg>
<kw name="Input" library="AppLibrary">
<arg>${username}</arg>
<status status="PASS" starttime="20231114 13:09:40.687" endtime="20231114 13:09:40.687"/>
</kw>
<kw name="Input" library="AppLibrary">
<arg>${password}</arg>
<status status="PASS" starttime="20231114 13:09:40.687" endtime="20231114 13:09:40.687"/>
</kw>
<kw name="Run Application" library="AppLibrary">
<status status="PASS" starttime="20231114 13:09:40.687" endtime="20231114 13:09:40.687"/>
</kw>
<status status="PASS" starttime="20231114 13:09:40.687" endtime="20231114 13:09:40.687"/>
</kw>
<kw name="Output Should Contain" library="AppLibrary">
<arg>Logged in</arg>
<status status="PASS" starttime="20231114 13:09:40.687" endtime="20231114 13:09:40.687"/>
</kw>
<status status="PASS" starttime="20231114 13:09:40.686" endtime="20231114 13:09:40.687"/>
</test>
<test id="s1-s1-t2" name="Login With Incorrect Password" line="10">
<kw name="Create User And Input Login Command" type="SETUP">
<kw name="Create User" library="AppLibrary">
<arg>kalle</arg>
<arg>kalle123</arg>
<status status="PASS" starttime="20231114 13:09:40.688" endtime="20231114 13:09:40.688"/>
</kw>
<kw name="Input Login Command" library="resource">
<kw name="Input" library="AppLibrary">
<arg>login</arg>
<status status="PASS" starttime="20231114 13:09:40.688" endtime="20231114 13:09:40.688"/>
</kw>
<status status="PASS" starttime="20231114 13:09:40.688" endtime="20231114 13:09:40.688"/>
</kw>
<status status="PASS" starttime="20231114 13:09:40.688" endtime="20231114 13:09:40.688"/>
</kw>
<kw name="Input Credentials" library="resource">
<arg>kalle</arg>
<arg>kalle456</arg>
<kw name="Input" library="AppLibrary">
<arg>${username}</arg>
<status status="PASS" starttime="20231114 13:09:40.688" endtime="20231114 13:09:40.688"/>
</kw>
<kw name="Input" library="AppLibrary">
<arg>${password}</arg>
<status status="PASS" starttime="20231114 13:09:40.688" endtime="20231114 13:09:40.688"/>
</kw>
<kw name="Run Application" library="AppLibrary">
<status status="PASS" starttime="20231114 13:09:40.688" endtime="20231114 13:09:40.688"/>
</kw>
<status status="PASS" starttime="20231114 13:09:40.688" endtime="20231114 13:09:40.688"/>
</kw>
<kw name="Output Should Contain" library="AppLibrary">
<arg>Invalid username or password</arg>
<status status="PASS" starttime="20231114 13:09:40.688" endtime="20231114 13:09:40.688"/>
</kw>
<status status="PASS" starttime="20231114 13:09:40.687" endtime="20231114 13:09:40.689"/>
</test>
<test id="s1-s1-t3" name="Login With Nonexistent Username" line="14">
<kw name="Create User And Input Login Command" type="SETUP">
<kw name="Create User" library="AppLibrary">
<arg>kalle</arg>
<arg>kalle123</arg>
<status status="PASS" starttime="20231114 13:09:40.689" endtime="20231114 13:09:40.689"/>
</kw>
<kw name="Input Login Command" library="resource">
<kw name="Input" library="AppLibrary">
<arg>login</arg>
<status status="PASS" starttime="20231114 13:09:40.689" endtime="20231114 13:09:40.689"/>
</kw>
<status status="PASS" starttime="20231114 13:09:40.689" endtime="20231114 13:09:40.689"/>
</kw>
<status status="PASS" starttime="20231114 13:09:40.689" endtime="20231114 13:09:40.689"/>
</kw>
<kw name="Input Credentials" library="resource">
<arg>calle</arg>
<arg>kalle123</arg>
<kw name="Input" library="AppLibrary">
<arg>${username}</arg>
<status status="PASS" starttime="20231114 13:09:40.689" endtime="20231114 13:09:40.690"/>
</kw>
<kw name="Input" library="AppLibrary">
<arg>${password}</arg>
<status status="PASS" starttime="20231114 13:09:40.690" endtime="20231114 13:09:40.690"/>
</kw>
<kw name="Run Application" library="AppLibrary">
<status status="PASS" starttime="20231114 13:09:40.690" endtime="20231114 13:09:40.690"/>
</kw>
<status status="PASS" starttime="20231114 13:09:40.689" endtime="20231114 13:09:40.690"/>
</kw>
<kw name="Output Should Contain" library="AppLibrary">
<arg>Invalid username or password</arg>
<status status="PASS" starttime="20231114 13:09:40.690" endtime="20231114 13:09:40.690"/>
</kw>
<status status="PASS" starttime="20231114 13:09:40.689" endtime="20231114 13:09:40.690"/>
</test>
<status status="PASS" starttime="20231114 13:09:40.683" endtime="20231114 13:09:40.690"/>
</suite>
<suite id="s1-s2" name="Register" source="/home/mizhonka/palautusrepositorio/viikko3/login-robot/src/tests/register.robot">
<test id="s1-s2-t1" name="Register With Valid Username And Password" line="6">
<kw name="Input New Command And Create User" type="SETUP">
<kw name="Input New Command" library="resource">
<kw name="Input" library="AppLibrary">
<arg>new</arg>
<status status="PASS" starttime="20231114 13:09:40.692" endtime="20231114 13:09:40.692"/>
</kw>
<status status="PASS" starttime="20231114 13:09:40.692" endtime="20231114 13:09:40.692"/>
</kw>
<kw name="Create User" library="AppLibrary">
<arg>kalle</arg>
<arg>kalle123</arg>
<status status="PASS" starttime="20231114 13:09:40.692" endtime="20231114 13:09:40.692"/>
</kw>
<status status="PASS" starttime="20231114 13:09:40.692" endtime="20231114 13:09:40.692"/>
</kw>
<kw name="Input Credentials" library="resource">
<arg>maija</arg>
<arg>maija123</arg>
<kw name="Input" library="AppLibrary">
<arg>${username}</arg>
<status status="PASS" starttime="20231114 13:09:40.692" endtime="20231114 13:09:40.692"/>
</kw>
<kw name="Input" library="AppLibrary">
<arg>${password}</arg>
<status status="PASS" starttime="20231114 13:09:40.692" endtime="20231114 13:09:40.692"/>
</kw>
<kw name="Run Application" library="AppLibrary">
<status status="PASS" starttime="20231114 13:09:40.692" endtime="20231114 13:09:40.693"/>
</kw>
<status status="PASS" starttime="20231114 13:09:40.692" endtime="20231114 13:09:40.693"/>
</kw>
<kw name="Output Should Contain" library="AppLibrary">
<arg>New user registered</arg>
<status status="PASS" starttime="20231114 13:09:40.693" endtime="20231114 13:09:40.693"/>
</kw>
<status status="PASS" starttime="20231114 13:09:40.691" endtime="20231114 13:09:40.693"/>
</test>
<test id="s1-s2-t2" name="Register With Already Taken Username And Valid Password" line="10">
<kw name="Input New Command And Create User" type="SETUP">
<kw name="Input New Command" library="resource">
<kw name="Input" library="AppLibrary">
<arg>new</arg>
<status status="PASS" starttime="20231114 13:09:40.693" endtime="20231114 13:09:40.693"/>
</kw>
<status status="PASS" starttime="20231114 13:09:40.693" endtime="20231114 13:09:40.693"/>
</kw>
<kw name="Create User" library="AppLibrary">
<arg>kalle</arg>
<arg>kalle123</arg>
<status status="PASS" starttime="20231114 13:09:40.693" endtime="20231114 13:09:40.693"/>
</kw>
<status status="PASS" starttime="20231114 13:09:40.693" endtime="20231114 13:09:40.693"/>
</kw>
<kw name="Input Credentials" library="resource">
<arg>kalle</arg>
<arg>kalle123</arg>
<kw name="Input" library="AppLibrary">
<arg>${username}</arg>
<status status="PASS" starttime="20231114 13:09:40.694" endtime="20231114 13:09:40.694"/>
</kw>
<kw name="Input" library="AppLibrary">
<arg>${password}</arg>
<status status="PASS" starttime="20231114 13:09:40.694" endtime="20231114 13:09:40.694"/>
</kw>
<kw name="Run Application" library="AppLibrary">
<status status="PASS" starttime="20231114 13:09:40.694" endtime="20231114 13:09:40.694"/>
</kw>
<status status="PASS" starttime="20231114 13:09:40.693" endtime="20231114 13:09:40.694"/>
</kw>
<kw name="Output Should Contain" library="AppLibrary">
<arg>This username is already taken</arg>
<status status="PASS" starttime="20231114 13:09:40.694" endtime="20231114 13:09:40.694"/>
</kw>
<status status="PASS" starttime="20231114 13:09:40.693" endtime="20231114 13:09:40.694"/>
</test>
<test id="s1-s2-t3" name="Register With Too Short Username And Valid Password" line="14">
<kw name="Input New Command And Create User" type="SETUP">
<kw name="Input New Command" library="resource">
<kw name="Input" library="AppLibrary">
<arg>new</arg>
<status status="PASS" starttime="20231114 13:09:40.695" endtime="20231114 13:09:40.695"/>
</kw>
<status status="PASS" starttime="20231114 13:09:40.694" endtime="20231114 13:09:40.695"/>
</kw>
<kw name="Create User" library="AppLibrary">
<arg>kalle</arg>
<arg>kalle123</arg>
<status status="PASS" starttime="20231114 13:09:40.695" endtime="20231114 13:09:40.695"/>
</kw>
<status status="PASS" starttime="20231114 13:09:40.694" endtime="20231114 13:09:40.695"/>
</kw>
<kw name="Input Credentials" library="resource">
<arg>m</arg>
<arg>maija123</arg>
<kw name="Input" library="AppLibrary">
<arg>${username}</arg>
<status status="PASS" starttime="20231114 13:09:40.695" endtime="20231114 13:09:40.695"/>
</kw>
<kw name="Input" library="AppLibrary">
<arg>${password}</arg>
<status status="PASS" starttime="20231114 13:09:40.695" endtime="20231114 13:09:40.695"/>
</kw>
<kw name="Run Application" library="AppLibrary">
<status status="PASS" starttime="20231114 13:09:40.695" endtime="20231114 13:09:40.695"/>
</kw>
<status status="PASS" starttime="20231114 13:09:40.695" endtime="20231114 13:09:40.695"/>
</kw>
<kw name="Output Should Contain" library="AppLibrary">
<arg>Username has to consist of letters a-z and at least 3 characters</arg>
<status status="PASS" starttime="20231114 13:09:40.695" endtime="20231114 13:09:40.695"/>
</kw>
<status status="PASS" starttime="20231114 13:09:40.694" endtime="20231114 13:09:40.695"/>
</test>
<test id="s1-s2-t4" name="Register With Enough Long But Invalid Username And Valid Password" line="18">
<kw name="Input New Command And Create User" type="SETUP">
<kw name="Input New Command" library="resource">
<kw name="Input" library="AppLibrary">
<arg>new</arg>
<status status="PASS" starttime="20231114 13:09:40.696" endtime="20231114 13:09:40.696"/>
</kw>
<status status="PASS" starttime="20231114 13:09:40.696" endtime="20231114 13:09:40.696"/>
</kw>
<kw name="Create User" library="AppLibrary">
<arg>kalle</arg>
<arg>kalle123</arg>
<status status="PASS" starttime="20231114 13:09:40.696" endtime="20231114 13:09:40.696"/>
</kw>
<status status="PASS" starttime="20231114 13:09:40.696" endtime="20231114 13:09:40.696"/>
</kw>
<kw name="Input Credentials" library="resource">
<arg>maija9</arg>
<arg>maija123</arg>
<kw name="Input" library="AppLibrary">
<arg>${username}</arg>
<status status="PASS" starttime="20231114 13:09:40.696" endtime="20231114 13:09:40.696"/>
</kw>
<kw name="Input" library="AppLibrary">
<arg>${password}</arg>
<status status="PASS" starttime="20231114 13:09:40.696" endtime="20231114 13:09:40.696"/>
</kw>
<kw name="Run Application" library="AppLibrary">
<status status="PASS" starttime="20231114 13:09:40.696" endtime="20231114 13:09:40.696"/>
</kw>
<status status="PASS" starttime="20231114 13:09:40.696" endtime="20231114 13:09:40.697"/>
</kw>
<kw name="Output Should Contain" library="AppLibrary">
<arg>Username has to consist of letters a-z and at least 3 characters</arg>
<status status="PASS" starttime="20231114 13:09:40.697" endtime="20231114 13:09:40.697"/>
</kw>
<status status="PASS" starttime="20231114 13:09:40.695" endtime="20231114 13:09:40.697"/>
</test>
<test id="s1-s2-t5" name="Register With Valid Username And Too Short Password" line="22">
<kw name="Input New Command And Create User" type="SETUP">
<kw name="Input New Command" library="resource">
<kw name="Input" library="AppLibrary">
<arg>new</arg>
<status status="PASS" starttime="20231114 13:09:40.697" endtime="20231114 13:09:40.697"/>
</kw>
<status status="PASS" starttime="20231114 13:09:40.697" endtime="20231114 13:09:40.697"/>
</kw>
<kw name="Create User" library="AppLibrary">
<arg>kalle</arg>
<arg>kalle123</arg>
<status status="PASS" starttime="20231114 13:09:40.697" endtime="20231114 13:09:40.697"/>
</kw>
<status status="PASS" starttime="20231114 13:09:40.697" endtime="20231114 13:09:40.697"/>
</kw>
<kw name="Input Credentials" library="resource">
<arg>maija</arg>
<arg>m123</arg>
<kw name="Input" library="AppLibrary">
<arg>${username}</arg>
<status status="PASS" starttime="20231114 13:09:40.697" endtime="20231114 13:09:40.697"/>
</kw>
<kw name="Input" library="AppLibrary">
<arg>${password}</arg>
<status status="PASS" starttime="20231114 13:09:40.698" endtime="20231114 13:09:40.698"/>
</kw>
<kw name="Run Application" library="AppLibrary">
<status status="PASS" starttime="20231114 13:09:40.698" endtime="20231114 13:09:40.698"/>
</kw>
<status status="PASS" starttime="20231114 13:09:40.697" endtime="20231114 13:09:40.698"/>
</kw>
<kw name="Output Should Contain" library="AppLibrary">
<arg>The password has to contain numbers and at least 8 characters</arg>
<status status="PASS" starttime="20231114 13:09:40.698" endtime="20231114 13:09:40.698"/>
</kw>
<status status="PASS" starttime="20231114 13:09:40.697" endtime="20231114 13:09:40.698"/>
</test>
<test id="s1-s2-t6" name="Register With Valid Username And Long Enough Password Containing Only Letters" line="26">
<kw name="Input New Command And Create User" type="SETUP">
<kw name="Input New Command" library="resource">
<kw name="Input" library="AppLibrary">
<arg>new</arg>
<status status="PASS" starttime="20231114 13:09:40.698" endtime="20231114 13:09:40.698"/>
</kw>
<status status="PASS" starttime="20231114 13:09:40.698" endtime="20231114 13:09:40.698"/>
</kw>
<kw name="Create User" library="AppLibrary">
<arg>kalle</arg>
<arg>kalle123</arg>
<status status="PASS" starttime="20231114 13:09:40.698" endtime="20231114 13:09:40.698"/>
</kw>
<status status="PASS" starttime="20231114 13:09:40.698" endtime="20231114 13:09:40.698"/>
</kw>
<kw name="Input Credentials" library="resource">
<arg>maija</arg>
<arg>maijaykskakskolme</arg>
<kw name="Input" library="AppLibrary">
<arg>${username}</arg>
<status status="PASS" starttime="20231114 13:09:40.699" endtime="20231114 13:09:40.699"/>
</kw>
<kw name="Input" library="AppLibrary">
<arg>${password}</arg>
<status status="PASS" starttime="20231114 13:09:40.699" endtime="20231114 13:09:40.699"/>
</kw>
<kw name="Run Application" library="AppLibrary">
<status status="PASS" starttime="20231114 13:09:40.699" endtime="20231114 13:09:40.699"/>
</kw>
<status status="PASS" starttime="20231114 13:09:40.699" endtime="20231114 13:09:40.699"/>
</kw>
<kw name="Output Should Contain" library="AppLibrary">
<arg>The password has to contain numbers and at least 8 characters</arg>
<status status="PASS" starttime="20231114 13:09:40.699" endtime="20231114 13:09:40.699"/>
</kw>
<status status="PASS" starttime="20231114 13:09:40.698" endtime="20231114 13:09:40.699"/>
</test>
<status status="PASS" starttime="20231114 13:09:40.690" endtime="20231114 13:09:40.699"/>
</suite>
<status status="PASS" starttime="20231114 13:09:40.673" endtime="20231114 13:09:40.700"/>
</suite>
<statistics>
<total>
<stat pass="9" fail="0" skip="0">All Tests</stat>
</total>
<tag>
</tag>
<suite>
<stat pass="9" fail="0" skip="0" id="s1" name="Tests">Tests</stat>
<stat pass="3" fail="0" skip="0" id="s1-s1" name="Login">Tests.Login</stat>
<stat pass="6" fail="0" skip="0" id="s1-s2" name="Register">Tests.Register</stat>
</suite>
</statistics>
<errors>
</errors>
</robot>
